Сборка начата 16.12.2015 1:47:24.
     1>Проект "C:\Users\ADMIN\Desktop\v1_Win32Project1\Win32Project1\Win32Project1\Win32Project1.vcxproj" в узле 2 (целевые объекты Build).
     1>ClCompile:
         C:\Program Files (x86)\Microsoft Visual Studio 12.0\VC\bin\CL.exe /c /ZI /nologo /W3 /WX- /Od /Oy- /D WIN32 /D _DEBUG /D _WINDOWS /Gm /EHsc /RTC1 /MDd /GS /fp:precise /Zc:wchar_t /Zc:forScope /Yu"stdafx.h" /Fp"Debug\Win32Project1.pch" /Fo"Debug\\" /Fd"Debug\vc120.pdb" /Gd /TP /analyze- /errorReport:prompt Win32Project1.cpp
         Win32Project1.cpp
     1>c:\users\admin\desktop\v1_win32project1\win32project1\win32project1\win32project1.cpp(1077): warning C4996: 'strcat': This function or variable may be unsafe. Consider using strcat_s instead. To disable deprecation, use _CRT_SECURE_NO_WARNINGS. See online help for details.
                 c:\program files (x86)\microsoft visual studio 12.0\vc\include\string.h(118): см. объявление "strcat"
     1>c:\users\admin\desktop\v1_win32project1\win32project1\win32project1\win32project1.cpp(1079): warning C4996: 'strcat': This function or variable may be unsafe. Consider using strcat_s instead. To disable deprecation, use _CRT_SECURE_NO_WARNINGS. See online help for details.
                 c:\program files (x86)\microsoft visual studio 12.0\vc\include\string.h(118): см. объявление "strcat"
     1>c:\users\admin\desktop\v1_win32project1\win32project1\win32project1\win32project1.cpp(1321): warning C4996: 'strcpy': This function or variable may be unsafe. Consider using strcpy_s instead. To disable deprecation, use _CRT_SECURE_NO_WARNINGS. See online help for details.
                 c:\program files (x86)\microsoft visual studio 12.0\vc\include\string.h(112): см. объявление "strcpy"
     1>c:\users\admin\desktop\v1_win32project1\win32project1\win32project1\win32project1.cpp(1329): warning C4996: 'strcpy': This function or variable may be unsafe. Consider using strcpy_s instead. To disable deprecation, use _CRT_SECURE_NO_WARNINGS. See online help for details.
                 c:\program files (x86)\microsoft visual studio 12.0\vc\include\string.h(112): см. объявление "strcpy"
     1>c:\users\admin\desktop\v1_win32project1\win32project1\win32project1\win32project1.cpp(1381): warning C4996: 'strcpy': This function or variable may be unsafe. Consider using strcpy_s instead. To disable deprecation, use _CRT_SECURE_NO_WARNINGS. See online help for details.
                 c:\program files (x86)\microsoft visual studio 12.0\vc\include\string.h(112): см. объявление "strcpy"
     1>c:\users\admin\desktop\v1_win32project1\win32project1\win32project1\win32project1.cpp(1399): warning C4996: 'strcpy': This function or variable may be unsafe. Consider using strcpy_s instead. To disable deprecation, use _CRT_SECURE_NO_WARNINGS. See online help for details.
                 c:\program files (x86)\microsoft visual studio 12.0\vc\include\string.h(112): см. объявление "strcpy"
     1>c:\users\admin\desktop\v1_win32project1\win32project1\win32project1\win32project1.cpp(1407): warning C4996: 'strcpy': This function or variable may be unsafe. Consider using strcpy_s instead. To disable deprecation, use _CRT_SECURE_NO_WARNINGS. See online help for details.
                 c:\program files (x86)\microsoft visual studio 12.0\vc\include\string.h(112): см. объявление "strcpy"
     1>c:\users\admin\desktop\v1_win32project1\win32project1\win32project1\win32project1.cpp(1423): warning C4996: 'strcpy': This function or variable may be unsafe. Consider using strcpy_s instead. To disable deprecation, use _CRT_SECURE_NO_WARNINGS. See online help for details.
                 c:\program files (x86)\microsoft visual studio 12.0\vc\include\string.h(112): см. объявление "strcpy"
     1>c:\users\admin\desktop\v1_win32project1\win32project1\win32project1\win32project1.cpp(1608): warning C4996: 'strcpy': This function or variable may be unsafe. Consider using strcpy_s instead. To disable deprecation, use _CRT_SECURE_NO_WARNINGS. See online help for details.
                 c:\program files (x86)\microsoft visual studio 12.0\vc\include\string.h(112): см. объявление "strcpy"
     1>c:\users\admin\desktop\v1_win32project1\win32project1\win32project1\win32project1.cpp(1612): warning C4996: 'strcpy': This function or variable may be unsafe. Consider using strcpy_s instead. To disable deprecation, use _CRT_SECURE_NO_WARNINGS. See online help for details.
                 c:\program files (x86)\microsoft visual studio 12.0\vc\include\string.h(112): см. объявление "strcpy"
     1>c:\users\admin\desktop\v1_win32project1\win32project1\win32project1\win32project1.cpp(1692): warning C4996: 'strcpy': This function or variable may be unsafe. Consider using strcpy_s instead. To disable deprecation, use _CRT_SECURE_NO_WARNINGS. See online help for details.
                 c:\program files (x86)\microsoft visual studio 12.0\vc\include\string.h(112): см. объявление "strcpy"
     1>c:\users\admin\desktop\v1_win32project1\win32project1\win32project1\win32project1.cpp(1694): warning C4996: 'strcat': This function or variable may be unsafe. Consider using strcat_s instead. To disable deprecation, use _CRT_SECURE_NO_WARNINGS. See online help for details.
                 c:\program files (x86)\microsoft visual studio 12.0\vc\include\string.h(118): см. объявление "strcat"
     1>c:\users\admin\desktop\v1_win32project1\win32project1\win32project1\win32project1.cpp(1696): warning C4996: 'strcpy': This function or variable may be unsafe. Consider using strcpy_s instead. To disable deprecation, use _CRT_SECURE_NO_WARNINGS. See online help for details.
                 c:\program files (x86)\microsoft visual studio 12.0\vc\include\string.h(112): см. объявление "strcpy"
     1>c:\users\admin\desktop\v1_win32project1\win32project1\win32project1\win32project1.cpp(1698): warning C4996: 'strcpy': This function or variable may be unsafe. Consider using strcpy_s instead. To disable deprecation, use _CRT_SECURE_NO_WARNINGS. See online help for details.
                 c:\program files (x86)\microsoft visual studio 12.0\vc\include\string.h(112): см. объявление "strcpy"
     1>c:\users\admin\desktop\v1_win32project1\win32project1\win32project1\win32project1.cpp(1700): warning C4996: 'strcat': This function or variable may be unsafe. Consider using strcat_s instead. To disable deprecation, use _CRT_SECURE_NO_WARNINGS. See online help for details.
                 c:\program files (x86)\microsoft visual studio 12.0\vc\include\string.h(118): см. объявление "strcat"
     1>c:\users\admin\desktop\v1_win32project1\win32project1\win32project1\win32project1.cpp(1702): warning C4996: 'strcpy': This function or variable may be unsafe. Consider using strcpy_s instead. To disable deprecation, use _CRT_SECURE_NO_WARNINGS. See online help for details.
                 c:\program files (x86)\microsoft visual studio 12.0\vc\include\string.h(112): см. объявление "strcpy"
     1>c:\users\admin\desktop\v1_win32project1\win32project1\win32project1\win32project1.cpp(1710): warning C4996: 'strcat': This function or variable may be unsafe. Consider using strcat_s instead. To disable deprecation, use _CRT_SECURE_NO_WARNINGS. See online help for details.
                 c:\program files (x86)\microsoft visual studio 12.0\vc\include\string.h(118): см. объявление "strcat"
     1>c:\users\admin\desktop\v1_win32project1\win32project1\win32project1\win32project1.cpp(1712): warning C4996: 'strcat': This function or variable may be unsafe. Consider using strcat_s instead. To disable deprecation, use _CRT_SECURE_NO_WARNINGS. See online help for details.
                 c:\program files (x86)\microsoft visual studio 12.0\vc\include\string.h(118): см. объявление "strcat"
     1>c:\users\admin\desktop\v1_win32project1\win32project1\win32project1\win32project1.cpp(1714): warning C4996: 'strcat': This function or variable may be unsafe. Consider using strcat_s instead. To disable deprecation, use _CRT_SECURE_NO_WARNINGS. See online help for details.
                 c:\program files (x86)\microsoft visual studio 12.0\vc\include\string.h(118): см. объявление "strcat"
     1>c:\users\admin\desktop\v1_win32project1\win32project1\win32project1\win32project1.cpp(1716): warning C4996: 'strcat': This function or variable may be unsafe. Consider using strcat_s instead. To disable deprecation, use _CRT_SECURE_NO_WARNINGS. See online help for details.
                 c:\program files (x86)\microsoft visual studio 12.0\vc\include\string.h(118): см. объявление "strcat"
     1>c:\users\admin\desktop\v1_win32project1\win32project1\win32project1\win32project1.cpp(1752): warning C4996: 'strcpy': This function or variable may be unsafe. Consider using strcpy_s instead. To disable deprecation, use _CRT_SECURE_NO_WARNINGS. See online help for details.
                 c:\program files (x86)\microsoft visual studio 12.0\vc\include\string.h(112): см. объявление "strcpy"
     1>c:\users\admin\desktop\v1_win32project1\win32project1\win32project1\win32project1.cpp(1838): warning C4996: 'strcpy': This function or variable may be unsafe. Consider using strcpy_s instead. To disable deprecation, use _CRT_SECURE_NO_WARNINGS. See online help for details.
                 c:\program files (x86)\microsoft visual studio 12.0\vc\include\string.h(112): см. объявление "strcpy"
     1>c:\users\admin\desktop\v1_win32project1\win32project1\win32project1\win32project1.cpp(1840): warning C4996: 'strcat': This function or variable may be unsafe. Consider using strcat_s instead. To disable deprecation, use _CRT_SECURE_NO_WARNINGS. See online help for details.
                 c:\program files (x86)\microsoft visual studio 12.0\vc\include\string.h(118): см. объявление "strcat"
     1>c:\users\admin\desktop\v1_win32project1\win32project1\win32project1\win32project1.cpp(1842): warning C4996: 'strcpy': This function or variable may be unsafe. Consider using strcpy_s instead. To disable deprecation, use _CRT_SECURE_NO_WARNINGS. See online help for details.
                 c:\program files (x86)\microsoft visual studio 12.0\vc\include\string.h(112): см. объявление "strcpy"
     1>c:\users\admin\desktop\v1_win32project1\win32project1\win32project1\win32project1.cpp(1844): warning C4996: 'strcpy': This function or variable may be unsafe. Consider using strcpy_s instead. To disable deprecation, use _CRT_SECURE_NO_WARNINGS. See online help for details.
                 c:\program files (x86)\microsoft visual studio 12.0\vc\include\string.h(112): см. объявление "strcpy"
     1>c:\users\admin\desktop\v1_win32project1\win32project1\win32project1\win32project1.cpp(1846): warning C4996: 'strcat': This function or variable may be unsafe. Consider using strcat_s instead. To disable deprecation, use _CRT_SECURE_NO_WARNINGS. See online help for details.
                 c:\program files (x86)\microsoft visual studio 12.0\vc\include\string.h(118): см. объявление "strcat"
     1>c:\users\admin\desktop\v1_win32project1\win32project1\win32project1\win32project1.cpp(1848): warning C4996: 'strcpy': This function or variable may be unsafe. Consider using strcpy_s instead. To disable deprecation, use _CRT_SECURE_NO_WARNINGS. See online help for details.
                 c:\program files (x86)\microsoft visual studio 12.0\vc\include\string.h(112): см. объявление "strcpy"
     1>c:\users\admin\desktop\v1_win32project1\win32project1\win32project1\win32project1.cpp(1856): warning C4996: 'strcat': This function or variable may be unsafe. Consider using strcat_s instead. To disable deprecation, use _CRT_SECURE_NO_WARNINGS. See online help for details.
                 c:\program files (x86)\microsoft visual studio 12.0\vc\include\string.h(118): см. объявление "strcat"
     1>c:\users\admin\desktop\v1_win32project1\win32project1\win32project1\win32project1.cpp(1858): warning C4996: 'strcat': This function or variable may be unsafe. Consider using strcat_s instead. To disable deprecation, use _CRT_SECURE_NO_WARNINGS. See online help for details.
                 c:\program files (x86)\microsoft visual studio 12.0\vc\include\string.h(118): см. объявление "strcat"
     1>c:\users\admin\desktop\v1_win32project1\win32project1\win32project1\win32project1.cpp(1860): warning C4996: 'strcat': This function or variable may be unsafe. Consider using strcat_s instead. To disable deprecation, use _CRT_SECURE_NO_WARNINGS. See online help for details.
                 c:\program files (x86)\microsoft visual studio 12.0\vc\include\string.h(118): см. объявление "strcat"
     1>c:\users\admin\desktop\v1_win32project1\win32project1\win32project1\win32project1.cpp(1862): warning C4996: 'strcat': This function or variable may be unsafe. Consider using strcat_s instead. To disable deprecation, use _CRT_SECURE_NO_WARNINGS. See online help for details.
                 c:\program files (x86)\microsoft visual studio 12.0\vc\include\string.h(118): см. объявление "strcat"
     1>c:\users\admin\desktop\v1_win32project1\win32project1\win32project1\win32project1.cpp(1898): warning C4996: 'strcpy': This function or variable may be unsafe. Consider using strcpy_s instead. To disable deprecation, use _CRT_SECURE_NO_WARNINGS. See online help for details.
                 c:\program files (x86)\microsoft visual studio 12.0\vc\include\string.h(112): см. объявление "strcpy"
     1>c:\users\admin\desktop\v1_win32project1\win32project1\win32project1\win32project1.cpp(2294): warning C4172: возвращение адреса локальной или временной переменной
     1>c:\users\admin\desktop\v1_win32project1\win32project1\win32project1\win32project1.cpp(2670): warning C4996: 'strcpy': This function or variable may be unsafe. Consider using strcpy_s instead. To disable deprecation, use _CRT_SECURE_NO_WARNINGS. See online help for details.
                 c:\program files (x86)\microsoft visual studio 12.0\vc\include\string.h(112): см. объявление "strcpy"
     1>c:\users\admin\desktop\v1_win32project1\win32project1\win32project1\win32project1.cpp(2672): warning C4996: 'strcat': This function or variable may be unsafe. Consider using strcat_s instead. To disable deprecation, use _CRT_SECURE_NO_WARNINGS. See online help for details.
                 c:\program files (x86)\microsoft visual studio 12.0\vc\include\string.h(118): см. объявление "strcat"
     1>c:\users\admin\desktop\v1_win32project1\win32project1\win32project1\win32project1.cpp(2674): warning C4996: 'strcat': This function or variable may be unsafe. Consider using strcat_s instead. To disable deprecation, use _CRT_SECURE_NO_WARNINGS. See online help for details.
                 c:\program files (x86)\microsoft visual studio 12.0\vc\include\string.h(118): см. объявление "strcat"
     1>c:\users\admin\desktop\v1_win32project1\win32project1\win32project1\win32project1.cpp(2708): warning C4996: 'strcpy': This function or variable may be unsafe. Consider using strcpy_s instead. To disable deprecation, use _CRT_SECURE_NO_WARNINGS. See online help for details.
                 c:\program files (x86)\microsoft visual studio 12.0\vc\include\string.h(112): см. объявление "strcpy"
     1>c:\users\admin\desktop\v1_win32project1\win32project1\win32project1\win32project1.cpp(2744): warning C4996: 'strcpy': This function or variable may be unsafe. Consider using strcpy_s instead. To disable deprecation, use _CRT_SECURE_NO_WARNINGS. See online help for details.
                 c:\program files (x86)\microsoft visual studio 12.0\vc\include\string.h(112): см. объявление "strcpy"
     1>c:\users\admin\desktop\v1_win32project1\win32project1\win32project1\win32project1.cpp(2754): warning C4996: 'strcpy': This function or variable may be unsafe. Consider using strcpy_s instead. To disable deprecation, use _CRT_SECURE_NO_WARNINGS. See online help for details.
                 c:\program files (x86)\microsoft visual studio 12.0\vc\include\string.h(112): см. объявление "strcpy"
     1>c:\users\admin\desktop\v1_win32project1\win32project1\win32project1\win32project1.cpp(2760): warning C4996: 'strcpy': This function or variable may be unsafe. Consider using strcpy_s instead. To disable deprecation, use _CRT_SECURE_NO_WARNINGS. See online help for details.
                 c:\program files (x86)\microsoft visual studio 12.0\vc\include\string.h(112): см. объявление "strcpy"
     1>c:\users\admin\desktop\v1_win32project1\win32project1\win32project1\win32project1.cpp(2774): warning C4996: 'strcpy': This function or variable may be unsafe. Consider using strcpy_s instead. To disable deprecation, use _CRT_SECURE_NO_WARNINGS. See online help for details.
                 c:\program files (x86)\microsoft visual studio 12.0\vc\include\string.h(112): см. объявление "strcpy"
     1>c:\users\admin\desktop\v1_win32project1\win32project1\win32project1\win32project1.cpp(2582): warning C4101: hIcon: неиспользованная локальная переменная
     1>c:\users\admin\desktop\v1_win32project1\win32project1\win32project1\win32project1.cpp(2893): warning C4996: 'strcpy': This function or variable may be unsafe. Consider using strcpy_s instead. To disable deprecation, use _CRT_SECURE_NO_WARNINGS. See online help for details.
                 c:\program files (x86)\microsoft visual studio 12.0\vc\include\string.h(112): см. объявление "strcpy"
     1>c:\users\admin\desktop\v1_win32project1\win32project1\win32project1\win32project1.cpp(2895): warning C4996: 'strcat': This function or variable may be unsafe. Consider using strcat_s instead. To disable deprecation, use _CRT_SECURE_NO_WARNINGS. See online help for details.
                 c:\program files (x86)\microsoft visual studio 12.0\vc\include\string.h(118): см. объявление "strcat"
     1>c:\users\admin\desktop\v1_win32project1\win32project1\win32project1\win32project1.cpp(2897): warning C4996: 'strcat': This function or variable may be unsafe. Consider using strcat_s instead. To disable deprecation, use _CRT_SECURE_NO_WARNINGS. See online help for details.
                 c:\program files (x86)\microsoft visual studio 12.0\vc\include\string.h(118): см. объявление "strcat"
     1>c:\users\admin\desktop\v1_win32project1\win32project1\win32project1\win32project1.cpp(2963): warning C4996: 'strcpy': This function or variable may be unsafe. Consider using strcpy_s instead. To disable deprecation, use _CRT_SECURE_NO_WARNINGS. See online help for details.
                 c:\program files (x86)\microsoft visual studio 12.0\vc\include\string.h(112): см. объявление "strcpy"
     1>c:\users\admin\desktop\v1_win32project1\win32project1\win32project1\win32project1.cpp(2981): warning C4996: 'strcpy': This function or variable may be unsafe. Consider using strcpy_s instead. To disable deprecation, use _CRT_SECURE_NO_WARNINGS. See online help for details.
                 c:\program files (x86)\microsoft visual studio 12.0\vc\include\string.h(112): см. объявление "strcpy"
     1>c:\users\admin\desktop\v1_win32project1\win32project1\win32project1\win32project1.cpp(2983): warning C4996: 'strcat': This function or variable may be unsafe. Consider using strcat_s instead. To disable deprecation, use _CRT_SECURE_NO_WARNINGS. See online help for details.
                 c:\program files (x86)\microsoft visual studio 12.0\vc\include\string.h(118): см. объявление "strcat"
     1>c:\users\admin\desktop\v1_win32project1\win32project1\win32project1\win32project1.cpp(2985): warning C4996: 'strcat': This function or variable may be unsafe. Consider using strcat_s instead. To disable deprecation, use _CRT_SECURE_NO_WARNINGS. See online help for details.
                 c:\program files (x86)\microsoft visual studio 12.0\vc\include\string.h(118): см. объявление "strcat"
     1>c:\users\admin\desktop\v1_win32project1\win32project1\win32project1\win32project1.cpp(2987): warning C4996: 'strcpy': This function or variable may be unsafe. Consider using strcpy_s instead. To disable deprecation, use _CRT_SECURE_NO_WARNINGS. See online help for details.
                 c:\program files (x86)\microsoft visual studio 12.0\vc\include\string.h(112): см. объявление "strcpy"
     1>c:\users\admin\desktop\v1_win32project1\win32project1\win32project1\win32project1.cpp(3035): warning C4996: 'strcpy': This function or variable may be unsafe. Consider using strcpy_s instead. To disable deprecation, use _CRT_SECURE_NO_WARNINGS. See online help for details.
                 c:\program files (x86)\microsoft visual studio 12.0\vc\include\string.h(112): см. объявление "strcpy"
     1>c:\users\admin\desktop\v1_win32project1\win32project1\win32project1\win32project1.cpp(3049): warning C4996: 'strcpy': This function or variable may be unsafe. Consider using strcpy_s instead. To disable deprecation, use _CRT_SECURE_NO_WARNINGS. See online help for details.
                 c:\program files (x86)\microsoft visual studio 12.0\vc\include\string.h(112): см. объявление "strcpy"
     1>c:\users\admin\desktop\v1_win32project1\win32project1\win32project1\win32project1.cpp(3051): warning C4996: 'strcat': This function or variable may be unsafe. Consider using strcat_s instead. To disable deprecation, use _CRT_SECURE_NO_WARNINGS. See online help for details.
                 c:\program files (x86)\microsoft visual studio 12.0\vc\include\string.h(118): см. объявление "strcat"
     1>c:\users\admin\desktop\v1_win32project1\win32project1\win32project1\win32project1.cpp(3053): warning C4996: 'strcat': This function or variable may be unsafe. Consider using strcat_s instead. To disable deprecation, use _CRT_SECURE_NO_WARNINGS. See online help for details.
                 c:\program files (x86)\microsoft visual studio 12.0\vc\include\string.h(118): см. объявление "strcat"
     1>c:\users\admin\desktop\v1_win32project1\win32project1\win32project1\win32project1.cpp(3057): warning C4996: 'strcat': This function or variable may be unsafe. Consider using strcat_s instead. To disable deprecation, use _CRT_SECURE_NO_WARNINGS. See online help for details.
                 c:\program files (x86)\microsoft visual studio 12.0\vc\include\string.h(118): см. объявление "strcat"
     1>c:\users\admin\desktop\v1_win32project1\win32project1\win32project1\win32project1.cpp(3107): warning C4996: 'strcmpi': The POSIX name for this item is deprecated. Instead, use the ISO C++ conformant name: _strcmpi. See online help for details.
                 c:\program files (x86)\microsoft visual studio 12.0\vc\include\string.h(252): см. объявление "strcmpi"
     1>c:\users\admin\desktop\v1_win32project1\win32project1\win32project1\win32project1.cpp(3125): warning C4996: 'strcmpi': The POSIX name for this item is deprecated. Instead, use the ISO C++ conformant name: _strcmpi. See online help for details.
                 c:\program files (x86)\microsoft visual studio 12.0\vc\include\string.h(252): см. объявление "strcmpi"
     1>c:\users\admin\desktop\v1_win32project1\win32project1\win32project1\win32project1.cpp(3161): warning C4996: '_strlwr': This function or variable may be unsafe. Consider using _strlwr_s instead. To disable deprecation, use _CRT_SECURE_NO_WARNINGS. See online help for details.
                 c:\program files (x86)\microsoft visual studio 12.0\vc\include\string.h(175): см. объявление "_strlwr"
     1>c:\users\admin\desktop\v1_win32project1\win32project1\win32project1\win32project1.cpp(3163): warning C4996: '_strlwr': This function or variable may be unsafe. Consider using _strlwr_s instead. To disable deprecation, use _CRT_SECURE_NO_WARNINGS. See online help for details.
                 c:\program files (x86)\microsoft visual studio 12.0\vc\include\string.h(175): см. объявление "_strlwr"
     1>c:\users\admin\desktop\v1_win32project1\win32project1\win32project1\win32project1.cpp(3395): warning C4996: 'strcpy': This function or variable may be unsafe. Consider using strcpy_s instead. To disable deprecation, use _CRT_SECURE_NO_WARNINGS. See online help for details.
                 c:\program files (x86)\microsoft visual studio 12.0\vc\include\string.h(112): см. объявление "strcpy"
     1>c:\users\admin\desktop\v1_win32project1\win32project1\win32project1\win32project1.cpp(3397): warning C4996: 'strcat': This function or variable may be unsafe. Consider using strcat_s instead. To disable deprecation, use _CRT_SECURE_NO_WARNINGS. See online help for details.
                 c:\program files (x86)\microsoft visual studio 12.0\vc\include\string.h(118): см. объявление "strcat"
     1>c:\users\admin\desktop\v1_win32project1\win32project1\win32project1\win32project1.cpp(3399): warning C4996: 'strcpy': This function or variable may be unsafe. Consider using strcpy_s instead. To disable deprecation, use _CRT_SECURE_NO_WARNINGS. See online help for details.
                 c:\program files (x86)\microsoft visual studio 12.0\vc\include\string.h(112): см. объявление "strcpy"
     1>c:\users\admin\desktop\v1_win32project1\win32project1\win32project1\win32project1.cpp(3413): warning C4996: 'strcpy': This function or variable may be unsafe. Consider using strcpy_s instead. To disable deprecation, use _CRT_SECURE_NO_WARNINGS. See online help for details.
                 c:\program files (x86)\microsoft visual studio 12.0\vc\include\string.h(112): см. объявление "strcpy"
     1>c:\users\admin\desktop\v1_win32project1\win32project1\win32project1\win32project1.cpp(3417): warning C4996: 'strcat': This function or variable may be unsafe. Consider using strcat_s instead. To disable deprecation, use _CRT_SECURE_NO_WARNINGS. See online help for details.
                 c:\program files (x86)\microsoft visual studio 12.0\vc\include\string.h(118): см. объявление "strcat"
     1>c:\users\admin\desktop\v1_win32project1\win32project1\win32project1\win32project1.cpp(3419): warning C4996: 'strcat': This function or variable may be unsafe. Consider using strcat_s instead. To disable deprecation, use _CRT_SECURE_NO_WARNINGS. See online help for details.
                 c:\program files (x86)\microsoft visual studio 12.0\vc\include\string.h(118): см. объявление "strcat"
     1>c:\users\admin\desktop\v1_win32project1\win32project1\win32project1\win32project1.cpp(3421): warning C4996: 'strcpy': This function or variable may be unsafe. Consider using strcpy_s instead. To disable deprecation, use _CRT_SECURE_NO_WARNINGS. See online help for details.
                 c:\program files (x86)\microsoft visual studio 12.0\vc\include\string.h(112): см. объявление "strcpy"
     1>c:\users\admin\desktop\v1_win32project1\win32project1\win32project1\win32project1.cpp(3423): warning C4996: 'strcat': This function or variable may be unsafe. Consider using strcat_s instead. To disable deprecation, use _CRT_SECURE_NO_WARNINGS. See online help for details.
                 c:\program files (x86)\microsoft visual studio 12.0\vc\include\string.h(118): см. объявление "strcat"
     1>c:\users\admin\desktop\v1_win32project1\win32project1\win32project1\win32project1.cpp(3477): warning C4996: 'strcpy': This function or variable may be unsafe. Consider using strcpy_s instead. To disable deprecation, use _CRT_SECURE_NO_WARNINGS. See online help for details.
                 c:\program files (x86)\microsoft visual studio 12.0\vc\include\string.h(112): см. объявление "strcpy"
     1>c:\users\admin\desktop\v1_win32project1\win32project1\win32project1\win32project1.cpp(3479): warning C4996: 'strcat': This function or variable may be unsafe. Consider using strcat_s instead. To disable deprecation, use _CRT_SECURE_NO_WARNINGS. See online help for details.
                 c:\program files (x86)\microsoft visual studio 12.0\vc\include\string.h(118): см. объявление "strcat"
     1>c:\users\admin\desktop\v1_win32project1\win32project1\win32project1\win32project1.cpp(3485): warning C4996: 'strcat': This function or variable may be unsafe. Consider using strcat_s instead. To disable deprecation, use _CRT_SECURE_NO_WARNINGS. See online help for details.
                 c:\program files (x86)\microsoft visual studio 12.0\vc\include\string.h(118): см. объявление "strcat"
     1>c:\users\admin\desktop\v1_win32project1\win32project1\win32project1\win32project1.cpp(3487): warning C4996: 'strcat': This function or variable may be unsafe. Consider using strcat_s instead. To disable deprecation, use _CRT_SECURE_NO_WARNINGS. See online help for details.
                 c:\program files (x86)\microsoft visual studio 12.0\vc\include\string.h(118): см. объявление "strcat"
     1>c:\users\admin\desktop\v1_win32project1\win32project1\win32project1\win32project1.cpp(3553): warning C4996: 'strcpy': This function or variable may be unsafe. Consider using strcpy_s instead. To disable deprecation, use _CRT_SECURE_NO_WARNINGS. See online help for details.
                 c:\program files (x86)\microsoft visual studio 12.0\vc\include\string.h(112): см. объявление "strcpy"
     1>c:\users\admin\desktop\v1_win32project1\win32project1\win32project1\win32project1.cpp(3555): warning C4996: 'strcat': This function or variable may be unsafe. Consider using strcat_s instead. To disable deprecation, use _CRT_SECURE_NO_WARNINGS. See online help for details.
                 c:\program files (x86)\microsoft visual studio 12.0\vc\include\string.h(118): см. объявление "strcat"
     1>c:\users\admin\desktop\v1_win32project1\win32project1\win32project1\win32project1.cpp(3557): warning C4996: 'strcpy': This function or variable may be unsafe. Consider using strcpy_s instead. To disable deprecation, use _CRT_SECURE_NO_WARNINGS. See online help for details.
                 c:\program files (x86)\microsoft visual studio 12.0\vc\include\string.h(112): см. объявление "strcpy"
     1>c:\users\admin\desktop\v1_win32project1\win32project1\win32project1\win32project1.cpp(3563): warning C4996: 'strcat': This function or variable may be unsafe. Consider using strcat_s instead. To disable deprecation, use _CRT_SECURE_NO_WARNINGS. See online help for details.
                 c:\program files (x86)\microsoft visual studio 12.0\vc\include\string.h(118): см. объявление "strcat"
     1>c:\users\admin\desktop\v1_win32project1\win32project1\win32project1\win32project1.cpp(3565): warning C4996: 'strcat': This function or variable may be unsafe. Consider using strcat_s instead. To disable deprecation, use _CRT_SECURE_NO_WARNINGS. See online help for details.
                 c:\program files (x86)\microsoft visual studio 12.0\vc\include\string.h(118): см. объявление "strcat"
     1>c:\users\admin\desktop\v1_win32project1\win32project1\win32project1\win32project1.cpp(3567): warning C4996: 'strcat': This function or variable may be unsafe. Consider using strcat_s instead. To disable deprecation, use _CRT_SECURE_NO_WARNINGS. See online help for details.
                 c:\program files (x86)\microsoft visual studio 12.0\vc\include\string.h(118): см. объявление "strcat"
     1>c:\users\admin\desktop\v1_win32project1\win32project1\win32project1\win32project1.cpp(3569): warning C4996: 'strcat': This function or variable may be unsafe. Consider using strcat_s instead. To disable deprecation, use _CRT_SECURE_NO_WARNINGS. See online help for details.
                 c:\program files (x86)\microsoft visual studio 12.0\vc\include\string.h(118): см. объявление "strcat"
     1>c:\users\admin\desktop\v1_win32project1\win32project1\win32project1\win32project1.cpp(3597): warning C4996: 'strcpy': This function or variable may be unsafe. Consider using strcpy_s instead. To disable deprecation, use _CRT_SECURE_NO_WARNINGS. See online help for details.
                 c:\program files (x86)\microsoft visual studio 12.0\vc\include\string.h(112): см. объявление "strcpy"
     1>c:\users\admin\desktop\v1_win32project1\win32project1\win32project1\win32project1.cpp(3599): warning C4996: 'strcat': This function or variable may be unsafe. Consider using strcat_s instead. To disable deprecation, use _CRT_SECURE_NO_WARNINGS. See online help for details.
                 c:\program files (x86)\microsoft visual studio 12.0\vc\include\string.h(118): см. объявление "strcat"
     1>c:\users\admin\desktop\v1_win32project1\win32project1\win32project1\win32project1.cpp(3601): warning C4996: 'strcpy': This function or variable may be unsafe. Consider using strcpy_s instead. To disable deprecation, use _CRT_SECURE_NO_WARNINGS. See online help for details.
                 c:\program files (x86)\microsoft visual studio 12.0\vc\include\string.h(112): см. объявление "strcpy"
     1>c:\users\admin\desktop\v1_win32project1\win32project1\win32project1\win32project1.cpp(3607): warning C4996: 'strcat': This function or variable may be unsafe. Consider using strcat_s instead. To disable deprecation, use _CRT_SECURE_NO_WARNINGS. See online help for details.
                 c:\program files (x86)\microsoft visual studio 12.0\vc\include\string.h(118): см. объявление "strcat"
     1>c:\users\admin\desktop\v1_win32project1\win32project1\win32project1\win32project1.cpp(3609): warning C4996: 'strcat': This function or variable may be unsafe. Consider using strcat_s instead. To disable deprecation, use _CRT_SECURE_NO_WARNINGS. See online help for details.
                 c:\program files (x86)\microsoft visual studio 12.0\vc\include\string.h(118): см. объявление "strcat"
     1>c:\users\admin\desktop\v1_win32project1\win32project1\win32project1\win32project1.cpp(3611): warning C4996: 'strcat': This function or variable may be unsafe. Consider using strcat_s instead. To disable deprecation, use _CRT_SECURE_NO_WARNINGS. See online help for details.
                 c:\program files (x86)\microsoft visual studio 12.0\vc\include\string.h(118): см. объявление "strcat"
     1>c:\users\admin\desktop\v1_win32project1\win32project1\win32project1\win32project1.cpp(3613): warning C4996: 'strcat': This function or variable may be unsafe. Consider using strcat_s instead. To disable deprecation, use _CRT_SECURE_NO_WARNINGS. See online help for details.
                 c:\program files (x86)\microsoft visual studio 12.0\vc\include\string.h(118): см. объявление "strcat"
     1>c:\users\admin\desktop\v1_win32project1\win32project1\win32project1\win32project1.cpp(3639): warning C4996: 'strcpy': This function or variable may be unsafe. Consider using strcpy_s instead. To disable deprecation, use _CRT_SECURE_NO_WARNINGS. See online help for details.
                 c:\program files (x86)\microsoft visual studio 12.0\vc\include\string.h(112): см. объявление "strcpy"
     1>c:\users\admin\desktop\v1_win32project1\win32project1\win32project1\win32project1.cpp(3641): warning C4996: 'strcat': This function or variable may be unsafe. Consider using strcat_s instead. To disable deprecation, use _CRT_SECURE_NO_WARNINGS. See online help for details.
                 c:\program files (x86)\microsoft visual studio 12.0\vc\include\string.h(118): см. объявление "strcat"
     1>c:\users\admin\desktop\v1_win32project1\win32project1\win32project1\win32project1.cpp(3633): warning C4101: csName: неиспользованная локальная переменная
     1>c:\users\admin\desktop\v1_win32project1\win32project1\win32project1\win32project1.cpp(3633): warning C4101: csFirst: неиспользованная локальная переменная
     1>c:\users\admin\desktop\v1_win32project1\win32project1\win32project1\win32project1.cpp(3693): warning C4996: 'strcat': This function or variable may be unsafe. Consider using strcat_s instead. To disable deprecation, use _CRT_SECURE_NO_WARNINGS. See online help for details.
                 c:\program files (x86)\microsoft visual studio 12.0\vc\include\string.h(118): см. объявление "strcat"
     1>c:\users\admin\desktop\v1_win32project1\win32project1\win32project1\win32project1.cpp(3701): warning C4996: 'strcpy': This function or variable may be unsafe. Consider using strcpy_s instead. To disable deprecation, use _CRT_SECURE_NO_WARNINGS. See online help for details.
                 c:\program files (x86)\microsoft visual studio 12.0\vc\include\string.h(112): см. объявление "strcpy"
     1>c:\users\admin\desktop\v1_win32project1\win32project1\win32project1\win32project1.cpp(2340): warning C4715: FindFullPath: значение возвращается не при всех путях выполнения
     1>c:\users\admin\desktop\v1_win32project1\win32project1\win32project1\win32project1.cpp(1686): warning C4700: использована неинициализированная локальная переменная "pdi"
       Link:
         C:\Program Files (x86)\Microsoft Visual Studio 12.0\VC\bin\link.exe /ERRORREPORT:PROMPT /OUT:"C:\Users\ADMIN\Desktop\v1_Win32Project1\Win32Project1\Debug\Win32Project1.exe" /INCREMENTAL /NOLOGO kernel32.lib user32.lib gdi32.lib winspool.lib comdlg32.lib advapi32.lib shell32.lib ole32.lib oleaut32.lib uuid.lib odbc32.lib odbccp32.lib /MANIFEST /MANIFESTUAC:"level='asInvoker' uiAccess='false'" /manifest:embed /DEBUG /PDB:"C:\Users\ADMIN\Desktop\v1_Win32Project1\Win32Project1\Debug\Win32Project1.pdb" /SUBSYSTEM:WINDOWS /TLBID:1 /DYNAMICBASE /NXCOMPAT /IMPLIB:"C:\Users\ADMIN\Desktop\v1_Win32Project1\Win32Project1\Debug\Win32Project1.lib" /MACHINE:X86 Debug\Win32Project1.res
         Debug\stdafx.obj
         Debug\Win32Project1.obj
         Win32Project1.vcxproj -> C:\Users\ADMIN\Desktop\v1_Win32Project1\Win32Project1\Debug\Win32Project1.exe
     1>Сборка проекта "C:\Users\ADMIN\Desktop\v1_Win32Project1\Win32Project1\Win32Project1\Win32Project1.vcxproj" завершена (целевые объекты Build).

Сборка успешно завершена.

Затраченное время: 00:00:00.66
